2023-05-03 21:46:11,467 INFO  ROOT - Running Eclipse MOSAIC 22.1 on Java JRE v17.0.7 (Eclipse Adoptium)
2023-05-03 21:46:11,536 INFO  MosaicStarter - Federate sumo: No port given. Using free port: 55438
2023-05-03 21:46:11,542 INFO  FederationManagement - Start federation with id 'UMassDart54'
2023-05-03 21:46:11,543 INFO  FederationManagement - Add ambassador/federate with id 'application'
2023-05-03 21:46:11,544 INFO  FederationManagement - Add ambassador/federate with id 'mapping'
2023-05-03 21:46:11,544 INFO  FederationManagement - Add ambassador/federate with id 'cell'
2023-05-03 21:46:11,544 INFO  FederationManagement - Add ambassador/federate with id 'sns'
2023-05-03 21:46:11,545 INFO  FederationManagement - Add ambassador/federate with id 'sumo'
2023-05-03 21:46:11,545 INFO  FederationManagement - Deploying federate 'sumo' locally in .\tmp\sumo
2023-05-03 21:46:11,557 INFO  FederationManagement - Starting federate 'sumo' locally in .\tmp\sumo
2023-05-03 21:46:11,557 INFO  FederationManagement - Add ambassador/federate with id 'output'
2023-05-03 21:46:11,558 INFO  OutputAmbassador - Initialize configuration of OutputAmbassador
2023-05-03 21:46:11,569 WARN  FileOutputLoader - decimalSeparator is required to be one character, defaulting to '.' as decimal separator.
2023-05-03 21:46:12,714 INFO  OutputAmbassador - Registered output generator 'websocket' for messages [RsuRegistration, VehicleRegistration, VehicleUpdates, V2xMessageReception, V2xMessageTransmission]. Update interval=1
2023-05-03 21:46:12,715 INFO  OutputAmbassador - Registered output generator 'fileoutput' for messages [VehicleRegistration, VehicleUpdates]. Update interval=5
2023-05-03 21:46:16,141 INFO  SequentialTimeManagement - Simulation ended after 600s of 600s (100%)
2023-05-03 21:46:16,142 INFO  SequentialTimeManagement - Started: 2023-05-03 21:46:13
2023-05-03 21:46:16,144 INFO  SequentialTimeManagement - Ended: 2023-05-03 21:46:16
2023-05-03 21:46:16,149 INFO  SequentialTimeManagement - Duration: 00h 00m 03.078s (RTF: 194.00)
2023-05-03 21:46:16,149 INFO  SequentialTimeManagement - 
2023-05-03 21:46:16,151 INFO  SequentialTimeManagement - Simulation finished: 101
