2023-05-03 21:45:41,581 INFO  ROOT - Running Eclipse MOSAIC 22.1 on Java JRE v17.0.7 (Eclipse Adoptium)
2023-05-03 21:45:41,652 INFO  MosaicStarter - Federate sumo: No port given. Using free port: 55422
2023-05-03 21:45:41,660 INFO  FederationManagement - Start federation with id 'UMassDart44'
2023-05-03 21:45:41,661 INFO  FederationManagement - Add ambassador/federate with id 'application'
2023-05-03 21:45:41,662 INFO  FederationManagement - Add ambassador/federate with id 'mapping'
2023-05-03 21:45:41,662 INFO  FederationManagement - Add ambassador/federate with id 'cell'
2023-05-03 21:45:41,662 INFO  FederationManagement - Add ambassador/federate with id 'sns'
2023-05-03 21:45:41,662 INFO  FederationManagement - Add ambassador/federate with id 'sumo'
2023-05-03 21:45:41,663 INFO  FederationManagement - Deploying federate 'sumo' locally in .\tmp\sumo
2023-05-03 21:45:41,677 INFO  FederationManagement - Starting federate 'sumo' locally in .\tmp\sumo
2023-05-03 21:45:41,677 INFO  FederationManagement - Add ambassador/federate with id 'output'
2023-05-03 21:45:41,677 INFO  OutputAmbassador - Initialize configuration of OutputAmbassador
2023-05-03 21:45:41,686 WARN  FileOutputLoader - decimalSeparator is required to be one character, defaulting to '.' as decimal separator.
2023-05-03 21:45:42,822 INFO  OutputAmbassador - Registered output generator 'websocket' for messages [RsuRegistration, VehicleRegistration, VehicleUpdates, V2xMessageReception, V2xMessageTransmission]. Update interval=1
2023-05-03 21:45:42,822 INFO  OutputAmbassador - Registered output generator 'fileoutput' for messages [VehicleRegistration, VehicleUpdates]. Update interval=5
2023-05-03 21:45:46,256 INFO  SequentialTimeManagement - Simulation ended after 600s of 600s (100%)
2023-05-03 21:45:46,258 INFO  SequentialTimeManagement - Started: 2023-05-03 21:45:43
2023-05-03 21:45:46,259 INFO  SequentialTimeManagement - Ended: 2023-05-03 21:45:46
2023-05-03 21:45:46,266 INFO  SequentialTimeManagement - Duration: 00h 00m 03.097s (RTF: 193.00)
2023-05-03 21:45:46,266 INFO  SequentialTimeManagement - 
2023-05-03 21:45:46,267 INFO  SequentialTimeManagement - Simulation finished: 101
