2023-09-25 08:45:52,690 INFO  ROOT - Running Eclipse MOSAIC 22.1 on Java JRE v17.0.7 (Eclipse Adoptium)
2023-09-25 08:45:52,767 INFO  MosaicStarter - Federate sumo: No port given. Using free port: 51617
2023-09-25 08:45:52,775 INFO  FederationManagement - Start federation with id 'UMassDart22'
2023-09-25 08:45:52,775 INFO  FederationManagement - Add ambassador/federate with id 'application'
2023-09-25 08:45:52,776 INFO  FederationManagement - Add ambassador/federate with id 'mapping'
2023-09-25 08:45:52,776 INFO  FederationManagement - Add ambassador/federate with id 'cell'
2023-09-25 08:45:52,776 INFO  FederationManagement - Add ambassador/federate with id 'sns'
2023-09-25 08:45:52,776 INFO  FederationManagement - Add ambassador/federate with id 'sumo'
2023-09-25 08:45:52,777 INFO  FederationManagement - Deploying federate 'sumo' locally in .\tmp\sumo
2023-09-25 08:45:52,790 INFO  FederationManagement - Starting federate 'sumo' locally in .\tmp\sumo
2023-09-25 08:45:52,791 INFO  FederationManagement - Add ambassador/federate with id 'output'
2023-09-25 08:45:52,791 INFO  OutputAmbassador - Initialize configuration of OutputAmbassador
2023-09-25 08:45:52,805 WARN  FileOutputLoader - decimalSeparator is required to be one character, defaulting to '.' as decimal separator.
2023-09-25 08:45:54,349 INFO  OutputAmbassador - Registered output generator 'websocket' for messages [RsuRegistration, VehicleRegistration, VehicleUpdates, V2xMessageReception, V2xMessageTransmission]. Update interval=1
2023-09-25 08:45:54,350 INFO  OutputAmbassador - Registered output generator 'fileoutput' for messages [VehicleRegistration, VehicleUpdates]. Update interval=5
2023-09-25 08:45:57,338 INFO  SequentialTimeManagement - Simulation ended after 600s of 600s (100%)
2023-09-25 08:45:57,339 INFO  SequentialTimeManagement - Started: 2023-09-25 08:45:54
2023-09-25 08:45:57,339 INFO  SequentialTimeManagement - Ended: 2023-09-25 08:45:57
2023-09-25 08:45:57,341 INFO  SequentialTimeManagement - Duration: 00h 00m 02.616s (RTF: 229.00)
2023-09-25 08:45:57,341 INFO  SequentialTimeManagement - 
2023-09-25 08:45:57,341 INFO  SequentialTimeManagement - Simulation finished: 101
