2023-09-25 08:45:47,351 INFO  SnsAmbassador - Init simulation with startTime=0, endTime=600000000000
2023-09-25 08:45:47,380 INFO  SnsAmbassador - Initialized SNS
2023-09-25 08:45:48,692 INFO  SnsAmbassador - Added RSU id=rsu_0 position=GeoPoint{lat=41.632532,lon=-71.005533,alt=0.00} @time=0.000,000,000 s
2023-09-25 08:45:48,692 INFO  SnsAmbassador - Added RSU id=rsu_1 position=GeoPoint{lat=41.624905,lon=-71.005030,alt=0.00} @time=0.000,000,000 s
2023-09-25 08:45:48,692 INFO  SnsAmbassador - Added RSU id=rsu_2 position=GeoPoint{lat=41.630023,lon=-71.011284,alt=0.00} @time=0.000,000,000 s
2023-09-25 08:45:48,699 INFO  SnsAmbassador - Radio configured in mode SINGLE with communication radius 300.0 for node id=rsu_0 @time=0.000,000,000 s
2023-09-25 08:45:48,699 INFO  SnsAmbassador - Radio configured in mode SINGLE with communication radius 300.0 for node id=rsu_1 @time=0.000,000,000 s
2023-09-25 08:45:48,699 INFO  SnsAmbassador - Radio configured in mode SINGLE with communication radius 300.0 for node id=rsu_2 @time=0.000,000,000 s
2023-09-25 08:45:48,714 INFO  SnsAmbassador - Radio configured in mode SINGLE with communication radius 300.0 for node id=veh_0 @time=6.000,000,000 s
2023-09-25 08:45:48,714 INFO  SnsAmbassador - Added Vehicle id=veh_0 position=GeoPoint{lat=41.630620,lon=-71.002039,alt=0.00} @time=7.000,000,000 s
2023-09-25 08:45:48,719 INFO  SnsAmbassador - Radio configured in mode SINGLE with communication radius 300.0 for node id=veh_1 @time=7.000,000,000 s
2023-09-25 08:45:48,719 WARN  SnsAmbassador - Unit veh_1 is not known, skipping
2023-09-25 08:45:48,719 WARN  SnsAmbassador - Unit veh_1 is not known, skipping
2023-09-25 08:45:48,720 WARN  SnsAmbassador - Unit veh_1 is not known, skipping
2023-09-25 08:45:48,720 WARN  SnsAmbassador - Unit veh_1 is not known, skipping
2023-09-25 08:45:48,720 WARN  SnsAmbassador - Unit veh_1 is not known, skipping
2023-09-25 08:45:48,720 WARN  SnsAmbassador - Unit veh_1 is not known, skipping
2023-09-25 08:45:48,720 WARN  SnsAmbassador - Unit veh_1 is not known, skipping
2023-09-25 08:45:48,720 WARN  SnsAmbassador - Unit veh_1 is not known, skipping
2023-09-25 08:45:48,721 WARN  SnsAmbassador - Unit veh_1 is not known, skipping
2023-09-25 08:45:48,721 WARN  SnsAmbassador - Unit veh_1 is not known, skipping
2023-09-25 08:45:48,723 INFO  SnsAmbassador - Added Vehicle id=veh_1 position=GeoPoint{lat=41.630583,lon=-71.002023,alt=0.00} @time=8.000,000,000 s
2023-09-25 08:45:48,730 INFO  SnsAmbassador - Radio configured in mode SINGLE with communication radius 300.0 for node id=veh_2 @time=9.000,000,000 s
2023-09-25 08:45:48,734 INFO  SnsAmbassador - Added Vehicle id=veh_2 position=GeoPoint{lat=41.630564,lon=-71.002014,alt=0.00} @time=10.000,000,000 s
2023-09-25 08:45:48,750 INFO  SnsAmbassador - Radio configured in mode SINGLE with communication radius 300.0 for node id=veh_3 @time=13.000,000,000 s
2023-09-25 08:45:48,753 INFO  SnsAmbassador - Added Vehicle id=veh_3 position=GeoPoint{lat=41.630603,lon=-71.002032,alt=0.00} @time=14.000,000,000 s
2023-09-25 08:45:48,761 INFO  SnsAmbassador - Radio configured in mode SINGLE with communication radius 300.0 for node id=veh_4 @time=15.000,000,000 s
2023-09-25 08:45:48,763 INFO  SnsAmbassador - Added Vehicle id=veh_4 position=GeoPoint{lat=41.630604,lon=-71.002032,alt=0.00} @time=16.000,000,000 s
2023-09-25 08:45:49,625 INFO  SnsAmbassador - Removed Vehicle id=veh_0 @time=473.000,000,000 s
2023-09-25 08:45:49,628 INFO  SnsAmbassador - Removed Vehicle id=veh_1 @time=475.000,000,000 s
2023-09-25 08:45:49,629 INFO  SnsAmbassador - Removed Vehicle id=veh_2 @time=477.000,000,000 s
2023-09-25 08:45:49,630 INFO  SnsAmbassador - Removed Vehicle id=veh_3 @time=478.000,000,000 s
2023-09-25 08:45:49,630 INFO  SnsAmbassador - Removed Vehicle id=veh_4 @time=480.000,000,000 s
2023-09-25 08:45:49,715 INFO  SnsAmbassador - Finished simulation
