2023-05-03 21:45:11,526 INFO  ROOT - Running Eclipse MOSAIC 22.1 on Java JRE v17.0.7 (Eclipse Adoptium)
2023-05-03 21:45:11,599 INFO  MosaicStarter - Federate sumo: No port given. Using free port: 55406
2023-05-03 21:45:11,605 INFO  FederationManagement - Start federation with id 'UMassDart24'
2023-05-03 21:45:11,607 INFO  FederationManagement - Add ambassador/federate with id 'application'
2023-05-03 21:45:11,609 INFO  FederationManagement - Add ambassador/federate with id 'mapping'
2023-05-03 21:45:11,610 INFO  FederationManagement - Add ambassador/federate with id 'cell'
2023-05-03 21:45:11,610 INFO  FederationManagement - Add ambassador/federate with id 'sns'
2023-05-03 21:45:11,610 INFO  FederationManagement - Add ambassador/federate with id 'sumo'
2023-05-03 21:45:11,611 INFO  FederationManagement - Deploying federate 'sumo' locally in .\tmp\sumo
2023-05-03 21:45:11,627 INFO  FederationManagement - Starting federate 'sumo' locally in .\tmp\sumo
2023-05-03 21:45:11,627 INFO  FederationManagement - Add ambassador/federate with id 'output'
2023-05-03 21:45:11,628 INFO  OutputAmbassador - Initialize configuration of OutputAmbassador
2023-05-03 21:45:11,636 WARN  FileOutputLoader - decimalSeparator is required to be one character, defaulting to '.' as decimal separator.
2023-05-03 21:45:12,748 INFO  OutputAmbassador - Registered output generator 'websocket' for messages [RsuRegistration, VehicleRegistration, VehicleUpdates, V2xMessageReception, V2xMessageTransmission]. Update interval=1
2023-05-03 21:45:12,748 INFO  OutputAmbassador - Registered output generator 'fileoutput' for messages [VehicleRegistration, VehicleUpdates]. Update interval=5
2023-05-03 21:45:16,226 INFO  SequentialTimeManagement - Simulation ended after 600s of 600s (100%)
2023-05-03 21:45:16,227 INFO  SequentialTimeManagement - Started: 2023-05-03 21:45:13
2023-05-03 21:45:16,228 INFO  SequentialTimeManagement - Ended: 2023-05-03 21:45:16
2023-05-03 21:45:16,233 INFO  SequentialTimeManagement - Duration: 00h 00m 03.154s (RTF: 190.00)
2023-05-03 21:45:16,234 INFO  SequentialTimeManagement - 
2023-05-03 21:45:16,234 INFO  SequentialTimeManagement - Simulation finished: 101
