2023-09-25 08:46:50,925 INFO  ROOT - Running Eclipse MOSAIC 22.1 on Java JRE v17.0.7 (Eclipse Adoptium)
2023-09-25 08:46:51,006 INFO  MosaicStarter - Federate sumo: No port given. Using free port: 51740
2023-09-25 08:46:51,013 INFO  FederationManagement - Start federation with id 'UMassDart52'
2023-09-25 08:46:51,014 INFO  FederationManagement - Add ambassador/federate with id 'application'
2023-09-25 08:46:51,015 INFO  FederationManagement - Add ambassador/federate with id 'mapping'
2023-09-25 08:46:51,015 INFO  FederationManagement - Add ambassador/federate with id 'cell'
2023-09-25 08:46:51,016 INFO  FederationManagement - Add ambassador/federate with id 'sns'
2023-09-25 08:46:51,016 INFO  FederationManagement - Add ambassador/federate with id 'sumo'
2023-09-25 08:46:51,017 INFO  FederationManagement - Deploying federate 'sumo' locally in .\tmp\sumo
2023-09-25 08:46:51,029 INFO  FederationManagement - Starting federate 'sumo' locally in .\tmp\sumo
2023-09-25 08:46:51,029 INFO  FederationManagement - Add ambassador/federate with id 'output'
2023-09-25 08:46:51,030 INFO  OutputAmbassador - Initialize configuration of OutputAmbassador
2023-09-25 08:46:51,042 WARN  FileOutputLoader - decimalSeparator is required to be one character, defaulting to '.' as decimal separator.
2023-09-25 08:46:52,302 INFO  OutputAmbassador - Registered output generator 'websocket' for messages [RsuRegistration, VehicleRegistration, VehicleUpdates, V2xMessageReception, V2xMessageTransmission]. Update interval=1
2023-09-25 08:46:52,302 INFO  OutputAmbassador - Registered output generator 'fileoutput' for messages [VehicleRegistration, VehicleUpdates]. Update interval=5
2023-09-25 08:46:55,048 INFO  SequentialTimeManagement - Simulation ended after 600s of 600s (100%)
2023-09-25 08:46:55,048 INFO  SequentialTimeManagement - Started: 2023-09-25 08:46:52
2023-09-25 08:46:55,049 INFO  SequentialTimeManagement - Ended: 2023-09-25 08:46:55
2023-09-25 08:46:55,051 INFO  SequentialTimeManagement - Duration: 00h 00m 02.385s (RTF: 251.00)
2023-09-25 08:46:55,051 INFO  SequentialTimeManagement - 
2023-09-25 08:46:55,051 INFO  SequentialTimeManagement - Simulation finished: 101
