2023-09-25 08:46:43,824 INFO  ROOT - Running Eclipse MOSAIC 22.1 on Java JRE v17.0.7 (Eclipse Adoptium)
2023-09-25 08:46:43,898 INFO  MosaicStarter - Federate sumo: No port given. Using free port: 51720
2023-09-25 08:46:43,905 INFO  FederationManagement - Start federation with id 'UMassDart51'
2023-09-25 08:46:43,906 INFO  FederationManagement - Add ambassador/federate with id 'application'
2023-09-25 08:46:43,907 INFO  FederationManagement - Add ambassador/federate with id 'mapping'
2023-09-25 08:46:43,907 INFO  FederationManagement - Add ambassador/federate with id 'cell'
2023-09-25 08:46:43,907 INFO  FederationManagement - Add ambassador/federate with id 'sns'
2023-09-25 08:46:43,907 INFO  FederationManagement - Add ambassador/federate with id 'sumo'
2023-09-25 08:46:43,908 INFO  FederationManagement - Deploying federate 'sumo' locally in .\tmp\sumo
2023-09-25 08:46:43,921 INFO  FederationManagement - Starting federate 'sumo' locally in .\tmp\sumo
2023-09-25 08:46:43,922 INFO  FederationManagement - Add ambassador/federate with id 'output'
2023-09-25 08:46:43,922 INFO  OutputAmbassador - Initialize configuration of OutputAmbassador
2023-09-25 08:46:43,933 WARN  FileOutputLoader - decimalSeparator is required to be one character, defaulting to '.' as decimal separator.
2023-09-25 08:46:45,362 INFO  OutputAmbassador - Registered output generator 'websocket' for messages [RsuRegistration, VehicleRegistration, VehicleUpdates, V2xMessageReception, V2xMessageTransmission]. Update interval=1
2023-09-25 08:46:45,362 INFO  OutputAmbassador - Registered output generator 'fileoutput' for messages [VehicleRegistration, VehicleUpdates]. Update interval=5
2023-09-25 08:46:47,795 INFO  SequentialTimeManagement - Simulation ended after 600s of 600s (100%)
2023-09-25 08:46:47,795 INFO  SequentialTimeManagement - Started: 2023-09-25 08:46:45
2023-09-25 08:46:47,795 INFO  SequentialTimeManagement - Ended: 2023-09-25 08:46:47
2023-09-25 08:46:47,796 INFO  SequentialTimeManagement - Duration: 00h 00m 02.070s (RTF: 289.00)
2023-09-25 08:46:47,797 INFO  SequentialTimeManagement - 
2023-09-25 08:46:47,797 INFO  SequentialTimeManagement - Simulation finished: 101
