2023-05-03 21:44:56,734 INFO  ROOT - Running Eclipse MOSAIC 22.1 on Java JRE v17.0.7 (Eclipse Adoptium)
2023-05-03 21:44:56,800 INFO  MosaicStarter - Federate sumo: No port given. Using free port: 55398
2023-05-03 21:44:56,806 INFO  FederationManagement - Start federation with id 'UMassDart22'
2023-05-03 21:44:56,807 INFO  FederationManagement - Add ambassador/federate with id 'application'
2023-05-03 21:44:56,807 INFO  FederationManagement - Add ambassador/federate with id 'mapping'
2023-05-03 21:44:56,808 INFO  FederationManagement - Add ambassador/federate with id 'cell'
2023-05-03 21:44:56,808 INFO  FederationManagement - Add ambassador/federate with id 'sns'
2023-05-03 21:44:56,808 INFO  FederationManagement - Add ambassador/federate with id 'sumo'
2023-05-03 21:44:56,808 INFO  FederationManagement - Deploying federate 'sumo' locally in .\tmp\sumo
2023-05-03 21:44:56,820 INFO  FederationManagement - Starting federate 'sumo' locally in .\tmp\sumo
2023-05-03 21:44:56,820 INFO  FederationManagement - Add ambassador/federate with id 'output'
2023-05-03 21:44:56,820 INFO  OutputAmbassador - Initialize configuration of OutputAmbassador
2023-05-03 21:44:56,830 WARN  FileOutputLoader - decimalSeparator is required to be one character, defaulting to '.' as decimal separator.
2023-05-03 21:44:57,942 INFO  OutputAmbassador - Registered output generator 'websocket' for messages [RsuRegistration, VehicleRegistration, VehicleUpdates, V2xMessageReception, V2xMessageTransmission]. Update interval=1
2023-05-03 21:44:57,942 INFO  OutputAmbassador - Registered output generator 'fileoutput' for messages [VehicleRegistration, VehicleUpdates]. Update interval=5
2023-05-03 21:45:01,407 INFO  SequentialTimeManagement - Simulation ended after 600s of 600s (100%)
2023-05-03 21:45:01,407 INFO  SequentialTimeManagement - Started: 2023-05-03 21:44:58
2023-05-03 21:45:01,408 INFO  SequentialTimeManagement - Ended: 2023-05-03 21:45:01
2023-05-03 21:45:01,411 INFO  SequentialTimeManagement - Duration: 00h 00m 03.122s (RTF: 192.00)
2023-05-03 21:45:01,411 INFO  SequentialTimeManagement - 
2023-05-03 21:45:01,412 INFO  SequentialTimeManagement - Simulation finished: 101
