2023-05-03 21:44:56,792 WARN  SumoAmbassador - The file scenarios\UMassDart22\sumo\sumo_config.json does not exist.
2023-05-03 21:44:56,793 INFO  SumoAmbassador - sumoConfig.updateInterval: 1000
2023-05-03 21:44:56,793 INFO  SumoAmbassador - sumoConfig.sumoConfigurationFile: null
2023-05-03 21:44:56,796 INFO  SumoAmbassador - Found a SUMO configuration file: scenarios\UMassDart22\sumo\UMassDart22.sumocfg
2023-05-03 21:44:56,796 INFO  SumoAmbassador - sumoConfig.sumoConfigurationFile: UMassDart22.sumocfg
2023-05-03 21:44:56,801 INFO  SumoAmbassador - Simulation step size is 1.0 sec.
2023-05-03 21:44:58,249 INFO  SumoVehicleTypesWriter - .\tmp\sumo\mosaic_types.add.xml file successfully written.
2023-05-03 21:44:58,249 INFO  SumoAmbassador - Start Federate local
2023-05-03 21:44:58,249 INFO  SumoAmbassador - Directory: .\tmp\sumo
2023-05-03 21:44:59,280 INFO  SumoAmbassador - Process sumo : Loading net-file from 'UMassDart22.net.xml' ... done (14ms).
2023-05-03 21:44:59,282 INFO  SumoAmbassador - Process sumo : Loading additional-files from 'mosaic_types.add.xml' ... done (1ms).
2023-05-03 21:44:59,283 INFO  SumoAmbassador - Process sumo : Loading done.
2023-05-03 21:44:59,283 INFO  SumoAmbassador - Process sumo : Simulation version 1.15.0 started with time: 0.00.
2023-05-03 21:44:59,284 WARN  TraciClientBridge - This SUMO Version SUMO 1.15.0 is currently not supported (but might work anyhow).
2023-05-03 21:44:59,288 INFO  SumoAmbassador - Current API version of SUMO is 20 (=SUMO 1.14.*)
2023-05-03 21:44:59,355 INFO  SumoAmbassador - VehicleRegistration from RTI "veh_0" received at simulation time 5000000000 ns (subscribe=true)
2023-05-03 21:44:59,355 INFO  SumoAmbassador - VehicleRegistration from RTI "veh_1" received at simulation time 5000000000 ns (subscribe=true)
2023-05-03 21:44:59,355 INFO  SumoAmbassador - Adding new vehicle "veh_0" at simulation time 5000000000 ns (type=Car1, routeId=2, laneId=best, departPos=0.00)
2023-05-03 21:44:59,357 INFO  SumoAmbassador - Adding new vehicle "veh_1" at simulation time 5000000000 ns (type=Car2, routeId=2, laneId=best, departPos=0.00)
2023-05-03 21:44:59,363 INFO  SumoAmbassador - VehicleRegistration from RTI "veh_2" received at simulation time 7000000000 ns (subscribe=true)
2023-05-03 21:44:59,370 INFO  SumoAmbassador - Adding new vehicle "veh_2" at simulation time 7000000000 ns (type=Car1, routeId=2, laneId=best, departPos=0.00)
2023-05-03 21:44:59,378 INFO  SumoAmbassador - VehicleRegistration from RTI "veh_3" received at simulation time 9000000000 ns (subscribe=true)
2023-05-03 21:44:59,380 INFO  SumoAmbassador - Adding new vehicle "veh_3" at simulation time 9000000000 ns (type=Car1, routeId=2, laneId=best, departPos=0.00)
2023-05-03 21:44:59,387 INFO  SumoAmbassador - VehicleRegistration from RTI "veh_4" received at simulation time 11000000000 ns (subscribe=true)
2023-05-03 21:44:59,390 INFO  SumoAmbassador - Adding new vehicle "veh_4" at simulation time 11000000000 ns (type=Car1, routeId=2, laneId=best, departPos=0.00)
2023-05-03 21:44:59,394 INFO  SumoAmbassador - VehicleRegistration from RTI "veh_5" received at simulation time 13000000000 ns (subscribe=true)
2023-05-03 21:44:59,398 INFO  SumoAmbassador - Adding new vehicle "veh_5" at simulation time 13000000000 ns (type=Car1, routeId=2, laneId=best, departPos=0.00)
2023-05-03 21:44:59,462 INFO  SumoAmbassador - VehicleRegistration from RTI "veh_6" received at simulation time 15000000000 ns (subscribe=true)
2023-05-03 21:44:59,471 INFO  SumoAmbassador - Adding new vehicle "veh_6" at simulation time 15000000000 ns (type=Car1, routeId=2, laneId=best, departPos=0.00)
2023-05-03 21:44:59,476 INFO  SumoAmbassador - VehicleRegistration from RTI "veh_7" received at simulation time 17000000000 ns (subscribe=true)
2023-05-03 21:44:59,480 INFO  SumoAmbassador - Adding new vehicle "veh_7" at simulation time 17000000000 ns (type=Car1, routeId=2, laneId=best, departPos=0.00)
2023-05-03 21:44:59,485 INFO  SumoAmbassador - VehicleRegistration from RTI "veh_8" received at simulation time 19000000000 ns (subscribe=true)
2023-05-03 21:44:59,489 INFO  SumoAmbassador - Adding new vehicle "veh_8" at simulation time 19000000000 ns (type=Car1, routeId=2, laneId=best, departPos=0.00)
2023-05-03 21:44:59,496 INFO  SumoAmbassador - VehicleRegistration from RTI "veh_9" received at simulation time 21000000000 ns (subscribe=true)
2023-05-03 21:44:59,501 INFO  SumoAmbassador - Adding new vehicle "veh_9" at simulation time 21000000000 ns (type=Car1, routeId=2, laneId=best, departPos=0.00)
2023-05-03 21:45:01,313 INFO  SimulationFacade - Removed vehicle "veh_0" at simulation time 474000000000ns
2023-05-03 21:45:01,317 INFO  SimulationFacade - Removed vehicle "veh_1" at simulation time 476000000000ns
2023-05-03 21:45:01,317 INFO  SimulationFacade - Removed vehicle "veh_2" at simulation time 478000000000ns
2023-05-03 21:45:01,318 INFO  SimulationFacade - Removed vehicle "veh_3" at simulation time 480000000000ns
2023-05-03 21:45:01,319 INFO  SimulationFacade - Removed vehicle "veh_4" at simulation time 482000000000ns
2023-05-03 21:45:01,319 INFO  SimulationFacade - Removed vehicle "veh_5" at simulation time 484000000000ns
2023-05-03 21:45:01,320 INFO  SimulationFacade - Removed vehicle "veh_6" at simulation time 486000000000ns
2023-05-03 21:45:01,320 INFO  SimulationFacade - Removed vehicle "veh_7" at simulation time 488000000000ns
2023-05-03 21:45:01,321 INFO  SimulationFacade - Removed vehicle "veh_8" at simulation time 495000000000ns
2023-05-03 21:45:01,322 INFO  SimulationFacade - Removed vehicle "veh_9" at simulation time 497000000000ns
2023-05-03 21:45:01,329 INFO  SumoAmbassador - Closing SUMO connection
2023-05-03 21:45:01,329 INFO  SumoAmbassador - Process sumo : Step #0.00 (0ms ?*RT. ?UPS, TraCI: 52ms, vehicles TOT 0 ACT 0 BUF 0)                      
2023-05-03 21:45:01,329 INFO  SumoAmbassador - Process sumo : Step #100.00 (1ms ~= 1000.00*RT, ~10000.00UPS, TraCI: 2ms, vehicles TOT 10 ACT 10 BUF 0)  
2023-05-03 21:45:01,329 INFO  SumoAmbassador - Process sumo : Step #200.00 (0ms ?*RT. ?UPS, TraCI: 1ms, vehicles TOT 10 ACT 10 BUF 0)                   
2023-05-03 21:45:01,329 INFO  SumoAmbassador - Process sumo : Step #300.00 (0ms ?*RT. ?UPS, TraCI: 2ms, vehicles TOT 10 ACT 10 BUF 0)                   
2023-05-03 21:45:01,329 INFO  SumoAmbassador - Process sumo : Step #400.00 (0ms ?*RT. ?UPS, TraCI: 1ms, vehicles TOT 10 ACT 10 BUF 0)                   
2023-05-03 21:45:01,329 INFO  SumoAmbassador - Process sumo : Step #500.00 (0ms ?*RT. ?UPS, TraCI: 0ms, vehicles TOT 10 ACT 0 BUF 0)                    
2023-05-03 21:45:01,329 INFO  SumoAmbassador - Process sumo : Step #600.00 (0ms ?*RT. ?UPS, TraCI: 0ms, vehicles TOT 10 ACT 0 BUF 0)                    
2023-05-03 21:45:01,329 INFO  SumoAmbassador - Process sumo : 
2023-05-03 21:45:01,329 INFO  SumoAmbassador - Process sumo : Simulation ended at time: 600.00
2023-05-03 21:45:01,329 INFO  SumoAmbassador - Process sumo : Reason: TraCI requested termination.
2023-05-03 21:45:01,329 INFO  SumoAmbassador - Process sumo : Performance: 
2023-05-03 21:45:01,329 INFO  SumoAmbassador - Process sumo :  Duration: 2.05s
2023-05-03 21:45:01,329 INFO  SumoAmbassador - Process sumo :  TraCI-Duration: 2.00s
2023-05-03 21:45:01,329 INFO  SumoAmbassador - Process sumo :  Real time factor: 293.112
2023-05-03 21:45:01,329 INFO  SumoAmbassador - Process sumo :  UPS: 2288.715193
2023-05-03 21:45:01,329 INFO  SumoAmbassador - Process sumo : Vehicles: 
2023-05-03 21:45:01,329 INFO  SumoAmbassador - Process sumo :  Inserted: 10
2023-05-03 21:45:01,329 INFO  SumoAmbassador - Process sumo :  Running: 0
2023-05-03 21:45:01,329 INFO  SumoAmbassador - Process sumo :  Waiting: 0
2023-05-03 21:45:01,329 INFO  SumoAmbassador - Process sumo : 
2023-05-03 21:45:01,403 INFO  SumoAmbassador - Finished simulation
