2023-09-25 08:46:59,725 INFO  SnsAmbassador - Init simulation with startTime=0, endTime=600000000000
2023-09-25 08:46:59,753 INFO  SnsAmbassador - Initialized SNS
2023-09-25 08:47:00,993 INFO  SnsAmbassador - Added RSU id=rsu_0 position=GeoPoint{lat=41.629842,lon=-71.001603,alt=0.00} @time=0.000,000,000 s
2023-09-25 08:47:00,993 INFO  SnsAmbassador - Added RSU id=rsu_1 position=GeoPoint{lat=41.625496,lon=-71.008720,alt=0.00} @time=0.000,000,000 s
2023-09-25 08:47:00,993 INFO  SnsAmbassador - Added RSU id=rsu_2 position=GeoPoint{lat=41.632383,lon=-71.007709,alt=0.00} @time=0.000,000,000 s
2023-09-25 08:47:01,028 INFO  SnsAmbassador - Radio configured in mode SINGLE with communication radius 300.0 for node id=rsu_0 @time=0.000,000,000 s
2023-09-25 08:47:01,028 INFO  SnsAmbassador - Radio configured in mode SINGLE with communication radius 300.0 for node id=rsu_1 @time=0.000,000,000 s
2023-09-25 08:47:01,028 INFO  SnsAmbassador - Radio configured in mode SINGLE with communication radius 300.0 for node id=rsu_2 @time=0.000,000,000 s
2023-09-25 08:47:01,039 INFO  SnsAmbassador - Radio configured in mode SINGLE with communication radius 300.0 for node id=veh_0 @time=6.000,000,000 s
2023-09-25 08:47:01,040 INFO  SnsAmbassador - Added Vehicle id=veh_0 position=GeoPoint{lat=41.630620,lon=-71.002039,alt=0.00} @time=7.000,000,000 s
2023-09-25 08:47:01,046 INFO  SnsAmbassador - Radio configured in mode SINGLE with communication radius 300.0 for node id=veh_1 @time=7.000,000,000 s
2023-09-25 08:47:01,046 WARN  SnsAmbassador - Unit veh_1 is not known, skipping
2023-09-25 08:47:01,046 WARN  SnsAmbassador - Unit veh_1 is not known, skipping
2023-09-25 08:47:01,047 WARN  SnsAmbassador - Unit veh_1 is not known, skipping
2023-09-25 08:47:01,047 WARN  SnsAmbassador - Unit veh_1 is not known, skipping
2023-09-25 08:47:01,047 WARN  SnsAmbassador - Unit veh_1 is not known, skipping
2023-09-25 08:47:01,047 WARN  SnsAmbassador - Unit veh_1 is not known, skipping
2023-09-25 08:47:01,047 WARN  SnsAmbassador - Unit veh_1 is not known, skipping
2023-09-25 08:47:01,047 WARN  SnsAmbassador - Unit veh_1 is not known, skipping
2023-09-25 08:47:01,048 WARN  SnsAmbassador - Unit veh_1 is not known, skipping
2023-09-25 08:47:01,048 WARN  SnsAmbassador - Unit veh_1 is not known, skipping
2023-09-25 08:47:01,050 INFO  SnsAmbassador - Added Vehicle id=veh_1 position=GeoPoint{lat=41.630583,lon=-71.002023,alt=0.00} @time=8.000,000,000 s
2023-09-25 08:47:01,061 INFO  SnsAmbassador - Radio configured in mode SINGLE with communication radius 300.0 for node id=veh_2 @time=9.000,000,000 s
2023-09-25 08:47:01,070 INFO  SnsAmbassador - Added Vehicle id=veh_2 position=GeoPoint{lat=41.630564,lon=-71.002014,alt=0.00} @time=10.000,000,000 s
2023-09-25 08:47:01,093 INFO  SnsAmbassador - Radio configured in mode SINGLE with communication radius 300.0 for node id=veh_3 @time=13.000,000,000 s
2023-09-25 08:47:01,098 INFO  SnsAmbassador - Added Vehicle id=veh_3 position=GeoPoint{lat=41.630603,lon=-71.002032,alt=0.00} @time=14.000,000,000 s
2023-09-25 08:47:01,110 INFO  SnsAmbassador - Radio configured in mode SINGLE with communication radius 300.0 for node id=veh_4 @time=15.000,000,000 s
2023-09-25 08:47:01,116 INFO  SnsAmbassador - Added Vehicle id=veh_4 position=GeoPoint{lat=41.630604,lon=-71.002032,alt=0.00} @time=16.000,000,000 s
2023-09-25 08:47:01,973 INFO  SnsAmbassador - Removed Vehicle id=veh_0 @time=473.000,000,000 s
2023-09-25 08:47:01,976 INFO  SnsAmbassador - Removed Vehicle id=veh_1 @time=475.000,000,000 s
2023-09-25 08:47:01,977 INFO  SnsAmbassador - Removed Vehicle id=veh_2 @time=477.000,000,000 s
2023-09-25 08:47:01,977 INFO  SnsAmbassador - Removed Vehicle id=veh_3 @time=478.000,000,000 s
2023-09-25 08:47:01,977 INFO  SnsAmbassador - Removed Vehicle id=veh_4 @time=480.000,000,000 s
2023-09-25 08:47:02,057 INFO  SnsAmbassador - Finished simulation
