2023-09-25 08:46:58,161 INFO  ROOT - Running Eclipse MOSAIC 22.1 on Java JRE v17.0.7 (Eclipse Adoptium)
2023-09-25 08:46:58,238 INFO  MosaicStarter - Federate sumo: No port given. Using free port: 51750
2023-09-25 08:46:58,245 INFO  FederationManagement - Start federation with id 'UMassDart53'
2023-09-25 08:46:58,246 INFO  FederationManagement - Add ambassador/federate with id 'application'
2023-09-25 08:46:58,248 INFO  FederationManagement - Add ambassador/federate with id 'mapping'
2023-09-25 08:46:58,248 INFO  FederationManagement - Add ambassador/federate with id 'cell'
2023-09-25 08:46:58,248 INFO  FederationManagement - Add ambassador/federate with id 'sns'
2023-09-25 08:46:58,248 INFO  FederationManagement - Add ambassador/federate with id 'sumo'
2023-09-25 08:46:58,249 INFO  FederationManagement - Deploying federate 'sumo' locally in .\tmp\sumo
2023-09-25 08:46:58,261 INFO  FederationManagement - Starting federate 'sumo' locally in .\tmp\sumo
2023-09-25 08:46:58,261 INFO  FederationManagement - Add ambassador/federate with id 'output'
2023-09-25 08:46:58,261 INFO  OutputAmbassador - Initialize configuration of OutputAmbassador
2023-09-25 08:46:58,273 WARN  FileOutputLoader - decimalSeparator is required to be one character, defaulting to '.' as decimal separator.
2023-09-25 08:46:59,509 INFO  OutputAmbassador - Registered output generator 'websocket' for messages [RsuRegistration, VehicleRegistration, VehicleUpdates, V2xMessageReception, V2xMessageTransmission]. Update interval=1
2023-09-25 08:46:59,509 INFO  OutputAmbassador - Registered output generator 'fileoutput' for messages [VehicleRegistration, VehicleUpdates]. Update interval=5
2023-09-25 08:47:02,058 INFO  SequentialTimeManagement - Simulation ended after 600s of 600s (100%)
2023-09-25 08:47:02,059 INFO  SequentialTimeManagement - Started: 2023-09-25 08:46:59
2023-09-25 08:47:02,059 INFO  SequentialTimeManagement - Ended: 2023-09-25 08:47:02
2023-09-25 08:47:02,061 INFO  SequentialTimeManagement - Duration: 00h 00m 02.182s (RTF: 274.00)
2023-09-25 08:47:02,061 INFO  SequentialTimeManagement - 
2023-09-25 08:47:02,062 INFO  SequentialTimeManagement - Simulation finished: 101
