2023-05-03 21:45:19,190 WARN  SumoAmbassador - The file scenarios\UMassDart41\sumo\sumo_config.json does not exist.
2023-05-03 21:45:19,190 INFO  SumoAmbassador - sumoConfig.updateInterval: 1000
2023-05-03 21:45:19,190 INFO  SumoAmbassador - sumoConfig.sumoConfigurationFile: null
2023-05-03 21:45:19,193 INFO  SumoAmbassador - Found a SUMO configuration file: scenarios\UMassDart41\sumo\UMassDart41.sumocfg
2023-05-03 21:45:19,193 INFO  SumoAmbassador - sumoConfig.sumoConfigurationFile: UMassDart41.sumocfg
2023-05-03 21:45:19,198 INFO  SumoAmbassador - Simulation step size is 1.0 sec.
2023-05-03 21:45:20,650 INFO  SumoVehicleTypesWriter - .\tmp\sumo\mosaic_types.add.xml file successfully written.
2023-05-03 21:45:20,650 INFO  SumoAmbassador - Start Federate local
2023-05-03 21:45:20,650 INFO  SumoAmbassador - Directory: .\tmp\sumo
2023-05-03 21:45:21,687 INFO  SumoAmbassador - Process sumo : Loading net-file from 'UMassDart41.net.xml' ... done (14ms).
2023-05-03 21:45:21,689 INFO  SumoAmbassador - Process sumo : Loading additional-files from 'mosaic_types.add.xml' ... done (1ms).
2023-05-03 21:45:21,690 INFO  SumoAmbassador - Process sumo : Loading done.
2023-05-03 21:45:21,690 INFO  SumoAmbassador - Process sumo : Simulation version 1.15.0 started with time: 0.00.
2023-05-03 21:45:21,691 WARN  TraciClientBridge - This SUMO Version SUMO 1.15.0 is currently not supported (but might work anyhow).
2023-05-03 21:45:21,694 INFO  SumoAmbassador - Current API version of SUMO is 20 (=SUMO 1.14.*)
2023-05-03 21:45:21,762 INFO  SumoAmbassador - VehicleRegistration from RTI "veh_0" received at simulation time 5000000000 ns (subscribe=true)
2023-05-03 21:45:21,762 INFO  SumoAmbassador - VehicleRegistration from RTI "veh_1" received at simulation time 5000000000 ns (subscribe=true)
2023-05-03 21:45:21,762 INFO  SumoAmbassador - Adding new vehicle "veh_0" at simulation time 5000000000 ns (type=Car1, routeId=2, laneId=best, departPos=0.00)
2023-05-03 21:45:21,764 INFO  SumoAmbassador - Adding new vehicle "veh_1" at simulation time 5000000000 ns (type=Car2, routeId=2, laneId=best, departPos=0.00)
2023-05-03 21:45:21,771 INFO  SumoAmbassador - VehicleRegistration from RTI "veh_2" received at simulation time 7000000000 ns (subscribe=true)
2023-05-03 21:45:21,777 INFO  SumoAmbassador - Adding new vehicle "veh_2" at simulation time 7000000000 ns (type=Car1, routeId=2, laneId=best, departPos=0.00)
2023-05-03 21:45:21,784 INFO  SumoAmbassador - VehicleRegistration from RTI "veh_3" received at simulation time 9000000000 ns (subscribe=true)
2023-05-03 21:45:21,786 INFO  SumoAmbassador - Adding new vehicle "veh_3" at simulation time 9000000000 ns (type=Car1, routeId=2, laneId=best, departPos=0.00)
2023-05-03 21:45:21,793 INFO  SumoAmbassador - VehicleRegistration from RTI "veh_4" received at simulation time 11000000000 ns (subscribe=true)
2023-05-03 21:45:21,795 INFO  SumoAmbassador - Adding new vehicle "veh_4" at simulation time 11000000000 ns (type=Car1, routeId=2, laneId=best, departPos=0.00)
2023-05-03 21:45:23,501 INFO  SimulationFacade - Removed vehicle "veh_0" at simulation time 473000000000ns
2023-05-03 21:45:23,504 INFO  SimulationFacade - Removed vehicle "veh_1" at simulation time 475000000000ns
2023-05-03 21:45:23,505 INFO  SimulationFacade - Removed vehicle "veh_2" at simulation time 477000000000ns
2023-05-03 21:45:23,505 INFO  SimulationFacade - Removed vehicle "veh_3" at simulation time 478000000000ns
2023-05-03 21:45:23,506 INFO  SimulationFacade - Removed vehicle "veh_4" at simulation time 480000000000ns
2023-05-03 21:45:23,516 INFO  SumoAmbassador - Closing SUMO connection
2023-05-03 21:45:23,517 INFO  SumoAmbassador - Process sumo : Step #0.00 (0ms ?*RT. ?UPS, TraCI: 51ms, vehicles TOT 0 ACT 0 BUF 0)                      
2023-05-03 21:45:23,518 INFO  SumoAmbassador - Process sumo : Step #100.00 (0ms ?*RT. ?UPS, TraCI: 3ms, vehicles TOT 5 ACT 5 BUF 0)                     
2023-05-03 21:45:23,518 INFO  SumoAmbassador - Process sumo : Step #200.00 (0ms ?*RT. ?UPS, TraCI: 1ms, vehicles TOT 5 ACT 5 BUF 0)                     
2023-05-03 21:45:23,518 INFO  SumoAmbassador - Process sumo : Step #300.00 (0ms ?*RT. ?UPS, TraCI: 2ms, vehicles TOT 5 ACT 5 BUF 0)                     
2023-05-03 21:45:23,518 INFO  SumoAmbassador - Process sumo : Step #400.00 (0ms ?*RT. ?UPS, TraCI: 1ms, vehicles TOT 5 ACT 5 BUF 0)                     
2023-05-03 21:45:23,518 INFO  SumoAmbassador - Process sumo : Step #500.00 (0ms ?*RT. ?UPS, TraCI: 0ms, vehicles TOT 5 ACT 0 BUF 0)                     
2023-05-03 21:45:23,518 INFO  SumoAmbassador - Process sumo : Step #600.00 (0ms ?*RT. ?UPS, TraCI: 0ms, vehicles TOT 5 ACT 0 BUF 0)                     
2023-05-03 21:45:23,518 INFO  SumoAmbassador - Process sumo : 
2023-05-03 21:45:23,518 INFO  SumoAmbassador - Process sumo : Simulation ended at time: 600.00
2023-05-03 21:45:23,518 INFO  SumoAmbassador - Process sumo : Reason: TraCI requested termination.
2023-05-03 21:45:23,518 INFO  SumoAmbassador - Process sumo : Performance: 
2023-05-03 21:45:23,518 INFO  SumoAmbassador - Process sumo :  Duration: 1.83s
2023-05-03 21:45:23,518 INFO  SumoAmbassador - Process sumo :  TraCI-Duration: 1.80s
2023-05-03 21:45:23,518 INFO  SumoAmbassador - Process sumo :  Real time factor: 328.228
2023-05-03 21:45:23,518 INFO  SumoAmbassador - Process sumo :  UPS: 1276.258206
2023-05-03 21:45:23,518 INFO  SumoAmbassador - Process sumo : Vehicles: 
2023-05-03 21:45:23,518 INFO  SumoAmbassador - Process sumo :  Inserted: 5
2023-05-03 21:45:23,518 INFO  SumoAmbassador - Process sumo :  Running: 0
2023-05-03 21:45:23,518 INFO  SumoAmbassador - Process sumo :  Waiting: 0
2023-05-03 21:45:23,518 INFO  SumoAmbassador - Process sumo : 
2023-05-03 21:45:23,581 INFO  SumoAmbassador - Finished simulation
