2023-09-25 08:46:00,499 INFO  ROOT - Running Eclipse MOSAIC 22.1 on Java JRE v17.0.7 (Eclipse Adoptium)
2023-09-25 08:46:00,572 INFO  MosaicStarter - Federate sumo: No port given. Using free port: 51638
2023-09-25 08:46:00,579 INFO  FederationManagement - Start federation with id 'UMassDart23'
2023-09-25 08:46:00,580 INFO  FederationManagement - Add ambassador/federate with id 'application'
2023-09-25 08:46:00,581 INFO  FederationManagement - Add ambassador/federate with id 'mapping'
2023-09-25 08:46:00,581 INFO  FederationManagement - Add ambassador/federate with id 'cell'
2023-09-25 08:46:00,581 INFO  FederationManagement - Add ambassador/federate with id 'sns'
2023-09-25 08:46:00,582 INFO  FederationManagement - Add ambassador/federate with id 'sumo'
2023-09-25 08:46:00,582 INFO  FederationManagement - Deploying federate 'sumo' locally in .\tmp\sumo
2023-09-25 08:46:00,594 INFO  FederationManagement - Starting federate 'sumo' locally in .\tmp\sumo
2023-09-25 08:46:00,595 INFO  FederationManagement - Add ambassador/federate with id 'output'
2023-09-25 08:46:00,595 INFO  OutputAmbassador - Initialize configuration of OutputAmbassador
2023-09-25 08:46:00,608 WARN  FileOutputLoader - decimalSeparator is required to be one character, defaulting to '.' as decimal separator.
2023-09-25 08:46:02,152 INFO  OutputAmbassador - Registered output generator 'websocket' for messages [RsuRegistration, VehicleRegistration, VehicleUpdates, V2xMessageReception, V2xMessageTransmission]. Update interval=1
2023-09-25 08:46:02,152 INFO  OutputAmbassador - Registered output generator 'fileoutput' for messages [VehicleRegistration, VehicleUpdates]. Update interval=5
2023-09-25 08:46:04,700 INFO  SequentialTimeManagement - Simulation ended after 600s of 600s (100%)
2023-09-25 08:46:04,701 INFO  SequentialTimeManagement - Started: 2023-09-25 08:46:02
2023-09-25 08:46:04,701 INFO  SequentialTimeManagement - Ended: 2023-09-25 08:46:04
2023-09-25 08:46:04,702 INFO  SequentialTimeManagement - Duration: 00h 00m 02.178s (RTF: 275.00)
2023-09-25 08:46:04,702 INFO  SequentialTimeManagement - 
2023-09-25 08:46:04,702 INFO  SequentialTimeManagement - Simulation finished: 101
