2023-11-20 22:22:24,515 WARN  SumoAmbassador - The file scenarios\UMassDart43\sumo\sumo_config.json does not exist.
2023-11-20 22:22:24,515 INFO  SumoAmbassador - sumoConfig.updateInterval: 1000
2023-11-20 22:22:24,515 INFO  SumoAmbassador - sumoConfig.sumoConfigurationFile: null
2023-11-20 22:22:24,515 INFO  SumoAmbassador - Found a SUMO configuration file: scenarios\UMassDart43\sumo\UMassDart43.sumocfg
2023-11-20 22:22:24,515 INFO  SumoAmbassador - sumoConfig.sumoConfigurationFile: UMassDart43.sumocfg
2023-11-20 22:22:24,515 INFO  SumoAmbassador - Simulation step size is 1.0 sec.
2023-11-20 22:22:26,192 INFO  SumoVehicleTypesWriter - .\tmp\sumo\mosaic_types.add.xml file successfully written.
2023-11-20 22:22:26,192 INFO  SumoAmbassador - Start Federate local
2023-11-20 22:22:26,192 INFO  SumoAmbassador - Directory: .\tmp\sumo
2023-11-20 22:22:27,232 INFO  SumoAmbassador - Process sumo : Loading net-file from 'UMassDart43.net.xml' ... done (16ms).
2023-11-20 22:22:27,232 INFO  SumoAmbassador - Process sumo : Loading additional-files from 'mosaic_types.add.xml' ... done (1ms).
2023-11-20 22:22:27,232 INFO  SumoAmbassador - Process sumo : Loading done.
2023-11-20 22:22:27,232 INFO  SumoAmbassador - Process sumo : Simulation version 1.15.0 started with time: 0.00.
2023-11-20 22:22:27,232 WARN  TraciClientBridge - This SUMO Version SUMO 1.15.0 is currently not supported (but might work anyhow).
2023-11-20 22:22:27,248 INFO  SumoAmbassador - Current API version of SUMO is 20 (=SUMO 1.14.*)
2023-11-20 22:22:27,310 INFO  SumoAmbassador - VehicleRegistration from RTI "veh_0" received at simulation time 5000000000 ns (subscribe=true)
2023-11-20 22:22:27,310 INFO  SumoAmbassador - VehicleRegistration from RTI "veh_1" received at simulation time 5000000000 ns (subscribe=true)
2023-11-20 22:22:27,310 INFO  SumoAmbassador - Adding new vehicle "veh_0" at simulation time 5000000000 ns (type=Car1, routeId=2, laneId=best, departPos=0.00)
2023-11-20 22:22:27,310 INFO  SumoAmbassador - Adding new vehicle "veh_1" at simulation time 5000000000 ns (type=Car2, routeId=2, laneId=best, departPos=0.00)
2023-11-20 22:22:27,326 INFO  SumoAmbassador - VehicleRegistration from RTI "veh_2" received at simulation time 7000000000 ns (subscribe=true)
2023-11-20 22:22:27,326 INFO  SumoAmbassador - Adding new vehicle "veh_2" at simulation time 7000000000 ns (type=Car1, routeId=2, laneId=best, departPos=0.00)
2023-11-20 22:22:27,341 INFO  SumoAmbassador - VehicleRegistration from RTI "veh_3" received at simulation time 9000000000 ns (subscribe=true)
2023-11-20 22:22:27,341 INFO  SumoAmbassador - Adding new vehicle "veh_3" at simulation time 9000000000 ns (type=Car1, routeId=2, laneId=best, departPos=0.00)
2023-11-20 22:22:27,357 INFO  SumoAmbassador - VehicleRegistration from RTI "veh_4" received at simulation time 11000000000 ns (subscribe=true)
2023-11-20 22:22:27,357 INFO  SumoAmbassador - Adding new vehicle "veh_4" at simulation time 11000000000 ns (type=Car1, routeId=2, laneId=best, departPos=0.00)
2023-11-20 22:22:28,044 INFO  SimulationFacade - Removed vehicle "veh_0" at simulation time 473000000000ns
2023-11-20 22:22:28,044 INFO  SimulationFacade - Removed vehicle "veh_1" at simulation time 475000000000ns
2023-11-20 22:22:28,044 INFO  SimulationFacade - Removed vehicle "veh_2" at simulation time 477000000000ns
2023-11-20 22:22:28,044 INFO  SimulationFacade - Removed vehicle "veh_3" at simulation time 478000000000ns
2023-11-20 22:22:28,044 INFO  SimulationFacade - Removed vehicle "veh_4" at simulation time 480000000000ns
2023-11-20 22:22:28,060 INFO  SumoAmbassador - Closing SUMO connection
2023-11-20 22:22:28,060 INFO  SumoAmbassador - Process sumo : Step #0.00 (0ms ?*RT. ?UPS, TraCI: 62ms, vehicles TOT 0 ACT 0 BUF 0)                      
2023-11-20 22:22:28,060 INFO  SumoAmbassador - Process sumo : Step #100.00 (0ms ?*RT. ?UPS, TraCI: 2ms, vehicles TOT 5 ACT 5 BUF 0)                     
2023-11-20 22:22:28,060 INFO  SumoAmbassador - Process sumo : Step #200.00 (0ms ?*RT. ?UPS, TraCI: 1ms, vehicles TOT 5 ACT 5 BUF 0)                     
2023-11-20 22:22:28,060 INFO  SumoAmbassador - Process sumo : Step #300.00 (0ms ?*RT. ?UPS, TraCI: 1ms, vehicles TOT 5 ACT 5 BUF 0)                     
2023-11-20 22:22:28,060 INFO  SumoAmbassador - Process sumo : Step #400.00 (0ms ?*RT. ?UPS, TraCI: 1ms, vehicles TOT 5 ACT 5 BUF 0)                     
2023-11-20 22:22:28,060 INFO  SumoAmbassador - Process sumo : Step #500.00 (0ms ?*RT. ?UPS, TraCI: 0ms, vehicles TOT 5 ACT 0 BUF 0)                     
2023-11-20 22:22:28,060 INFO  SumoAmbassador - Process sumo : Step #600.00 (0ms ?*RT. ?UPS, TraCI: 1ms, vehicles TOT 5 ACT 0 BUF 0)                     
2023-11-20 22:22:28,060 INFO  SumoAmbassador - Process sumo : 
2023-11-20 22:22:28,060 INFO  SumoAmbassador - Process sumo : Simulation ended at time: 600.00
2023-11-20 22:22:28,060 INFO  SumoAmbassador - Process sumo : Reason: TraCI requested termination.
2023-11-20 22:22:28,060 INFO  SumoAmbassador - Process sumo : Performance: 
2023-11-20 22:22:28,060 INFO  SumoAmbassador - Process sumo :  Duration: 0.83s
2023-11-20 22:22:28,060 INFO  SumoAmbassador - Process sumo :  TraCI-Duration: 0.80s
2023-11-20 22:22:28,060 INFO  SumoAmbassador - Process sumo :  Real time factor: 725.514
2023-11-20 22:22:28,060 INFO  SumoAmbassador - Process sumo :  UPS: 2821.039903
2023-11-20 22:22:28,060 INFO  SumoAmbassador - Process sumo : Vehicles: 
2023-11-20 22:22:28,060 INFO  SumoAmbassador - Process sumo :  Inserted: 5
2023-11-20 22:22:28,060 INFO  SumoAmbassador - Process sumo :  Running: 0
2023-11-20 22:22:28,060 INFO  SumoAmbassador - Process sumo :  Waiting: 0
2023-11-20 22:22:28,060 INFO  SumoAmbassador - Process sumo : 
2023-11-20 22:22:28,122 INFO  SumoAmbassador - Finished simulation
