2023-05-03 21:45:50,650 INFO  SnsAmbassador - Init simulation with startTime=0, endTime=600000000000
2023-05-03 21:45:50,667 INFO  SnsAmbassador - Initialized SNS
2023-05-03 21:45:51,848 INFO  SnsAmbassador - Added RSU id=rsu_0 position=GeoPoint{lat=41.632532,lon=-71.005533,alt=0.00} @time=0.000,000,000 s
2023-05-03 21:45:51,848 INFO  SnsAmbassador - Added RSU id=rsu_1 position=GeoPoint{lat=41.624905,lon=-71.005030,alt=0.00} @time=0.000,000,000 s
2023-05-03 21:45:51,848 INFO  SnsAmbassador - Added RSU id=rsu_2 position=GeoPoint{lat=41.630023,lon=-71.011284,alt=0.00} @time=0.000,000,000 s
2023-05-03 21:45:51,857 INFO  SnsAmbassador - Radio configured in mode SINGLE with communication radius 300.0 for node id=rsu_0 @time=0.000,000,000 s
2023-05-03 21:45:51,857 INFO  SnsAmbassador - Radio configured in mode SINGLE with communication radius 300.0 for node id=rsu_1 @time=0.000,000,000 s
2023-05-03 21:45:51,858 INFO  SnsAmbassador - Radio configured in mode SINGLE with communication radius 300.0 for node id=rsu_2 @time=0.000,000,000 s
2023-05-03 21:45:51,868 INFO  SnsAmbassador - Radio configured in mode SINGLE with communication radius 300.0 for node id=veh_0 @time=6.000,000,000 s
2023-05-03 21:45:51,869 INFO  SnsAmbassador - Added Vehicle id=veh_0 position=GeoPoint{lat=41.630620,lon=-71.002039,alt=0.00} @time=7.000,000,000 s
2023-05-03 21:45:51,875 INFO  SnsAmbassador - Radio configured in mode SINGLE with communication radius 300.0 for node id=veh_1 @time=7.000,000,000 s
2023-05-03 21:45:51,875 WARN  SnsAmbassador - Unit veh_1 is not known, skipping
2023-05-03 21:45:51,876 WARN  SnsAmbassador - Unit veh_1 is not known, skipping
2023-05-03 21:45:51,876 WARN  SnsAmbassador - Unit veh_1 is not known, skipping
2023-05-03 21:45:51,876 WARN  SnsAmbassador - Unit veh_1 is not known, skipping
2023-05-03 21:45:51,876 WARN  SnsAmbassador - Unit veh_1 is not known, skipping
2023-05-03 21:45:51,876 WARN  SnsAmbassador - Unit veh_1 is not known, skipping
2023-05-03 21:45:51,876 WARN  SnsAmbassador - Unit veh_1 is not known, skipping
2023-05-03 21:45:51,877 WARN  SnsAmbassador - Unit veh_1 is not known, skipping
2023-05-03 21:45:51,877 WARN  SnsAmbassador - Unit veh_1 is not known, skipping
2023-05-03 21:45:51,877 WARN  SnsAmbassador - Unit veh_1 is not known, skipping
2023-05-03 21:45:51,879 INFO  SnsAmbassador - Added Vehicle id=veh_1 position=GeoPoint{lat=41.630583,lon=-71.002023,alt=0.00} @time=8.000,000,000 s
2023-05-03 21:45:51,884 INFO  SnsAmbassador - Radio configured in mode SINGLE with communication radius 300.0 for node id=veh_2 @time=9.000,000,000 s
2023-05-03 21:45:51,888 INFO  SnsAmbassador - Added Vehicle id=veh_2 position=GeoPoint{lat=41.630564,lon=-71.002014,alt=0.00} @time=10.000,000,000 s
2023-05-03 21:45:51,902 INFO  SnsAmbassador - Radio configured in mode SINGLE with communication radius 300.0 for node id=veh_3 @time=13.000,000,000 s
2023-05-03 21:45:51,904 INFO  SnsAmbassador - Added Vehicle id=veh_3 position=GeoPoint{lat=41.630603,lon=-71.002032,alt=0.00} @time=14.000,000,000 s
2023-05-03 21:45:51,911 INFO  SnsAmbassador - Radio configured in mode SINGLE with communication radius 300.0 for node id=veh_4 @time=15.000,000,000 s
2023-05-03 21:45:51,913 INFO  SnsAmbassador - Added Vehicle id=veh_4 position=GeoPoint{lat=41.630604,lon=-71.002032,alt=0.00} @time=16.000,000,000 s
2023-05-03 21:45:53,482 INFO  SnsAmbassador - Removed Vehicle id=veh_0 @time=473.000,000,000 s
2023-05-03 21:45:53,482 INFO  SnsAmbassador - Removed Vehicle id=veh_1 @time=475.000,000,000 s
2023-05-03 21:45:53,482 INFO  SnsAmbassador - Removed Vehicle id=veh_2 @time=477.000,000,000 s
2023-05-03 21:45:53,482 INFO  SnsAmbassador - Removed Vehicle id=veh_3 @time=478.000,000,000 s
2023-05-03 21:45:53,482 INFO  SnsAmbassador - Removed Vehicle id=veh_4 @time=480.000,000,000 s
2023-05-03 21:45:53,562 INFO  SnsAmbassador - Finished simulation
