2023-09-25 08:46:16,874 INFO  SnsAmbassador - Init simulation with startTime=0, endTime=600000000000
2023-09-25 08:46:16,890 INFO  SnsAmbassador - Initialized SNS
2023-09-25 08:46:18,095 INFO  SnsAmbassador - Added RSU id=rsu_0 position=GeoPoint{lat=41.632532,lon=-71.005533,alt=0.00} @time=0.000,000,000 s
2023-09-25 08:46:18,095 INFO  SnsAmbassador - Added RSU id=rsu_1 position=GeoPoint{lat=41.624905,lon=-71.005030,alt=0.00} @time=0.000,000,000 s
2023-09-25 08:46:18,095 INFO  SnsAmbassador - Added RSU id=rsu_2 position=GeoPoint{lat=41.630023,lon=-71.011284,alt=0.00} @time=0.000,000,000 s
2023-09-25 08:46:18,104 INFO  SnsAmbassador - Radio configured in mode SINGLE with communication radius 300.0 for node id=rsu_0 @time=0.000,000,000 s
2023-09-25 08:46:18,104 INFO  SnsAmbassador - Radio configured in mode SINGLE with communication radius 300.0 for node id=rsu_1 @time=0.000,000,000 s
2023-09-25 08:46:18,104 INFO  SnsAmbassador - Radio configured in mode SINGLE with communication radius 300.0 for node id=rsu_2 @time=0.000,000,000 s
2023-09-25 08:46:18,115 INFO  SnsAmbassador - Radio configured in mode SINGLE with communication radius 300.0 for node id=veh_0 @time=6.000,000,000 s
2023-09-25 08:46:18,116 INFO  SnsAmbassador - Added Vehicle id=veh_0 position=GeoPoint{lat=41.630620,lon=-71.002039,alt=0.00} @time=7.000,000,000 s
2023-09-25 08:46:18,121 INFO  SnsAmbassador - Radio configured in mode SINGLE with communication radius 300.0 for node id=veh_1 @time=7.000,000,000 s
2023-09-25 08:46:18,121 WARN  SnsAmbassador - Unit veh_1 is not known, skipping
2023-09-25 08:46:18,121 WARN  SnsAmbassador - Unit veh_1 is not known, skipping
2023-09-25 08:46:18,121 WARN  SnsAmbassador - Unit veh_1 is not known, skipping
2023-09-25 08:46:18,121 WARN  SnsAmbassador - Unit veh_1 is not known, skipping
2023-09-25 08:46:18,122 WARN  SnsAmbassador - Unit veh_1 is not known, skipping
2023-09-25 08:46:18,122 WARN  SnsAmbassador - Unit veh_1 is not known, skipping
2023-09-25 08:46:18,122 WARN  SnsAmbassador - Unit veh_1 is not known, skipping
2023-09-25 08:46:18,122 WARN  SnsAmbassador - Unit veh_1 is not known, skipping
2023-09-25 08:46:18,123 WARN  SnsAmbassador - Unit veh_1 is not known, skipping
2023-09-25 08:46:18,123 WARN  SnsAmbassador - Unit veh_1 is not known, skipping
2023-09-25 08:46:18,125 INFO  SnsAmbassador - Added Vehicle id=veh_1 position=GeoPoint{lat=41.630583,lon=-71.002023,alt=0.00} @time=8.000,000,000 s
2023-09-25 08:46:18,132 INFO  SnsAmbassador - Radio configured in mode SINGLE with communication radius 300.0 for node id=veh_2 @time=9.000,000,000 s
2023-09-25 08:46:18,136 INFO  SnsAmbassador - Added Vehicle id=veh_2 position=GeoPoint{lat=41.630564,lon=-71.002014,alt=0.00} @time=10.000,000,000 s
2023-09-25 08:46:18,152 INFO  SnsAmbassador - Radio configured in mode SINGLE with communication radius 300.0 for node id=veh_3 @time=13.000,000,000 s
2023-09-25 08:46:18,155 INFO  SnsAmbassador - Added Vehicle id=veh_3 position=GeoPoint{lat=41.630603,lon=-71.002032,alt=0.00} @time=14.000,000,000 s
2023-09-25 08:46:18,162 INFO  SnsAmbassador - Radio configured in mode SINGLE with communication radius 300.0 for node id=veh_4 @time=15.000,000,000 s
2023-09-25 08:46:18,165 INFO  SnsAmbassador - Added Vehicle id=veh_4 position=GeoPoint{lat=41.630604,lon=-71.002032,alt=0.00} @time=16.000,000,000 s
2023-09-25 08:46:19,025 INFO  SnsAmbassador - Removed Vehicle id=veh_0 @time=473.000,000,000 s
2023-09-25 08:46:19,028 INFO  SnsAmbassador - Removed Vehicle id=veh_1 @time=475.000,000,000 s
2023-09-25 08:46:19,029 INFO  SnsAmbassador - Removed Vehicle id=veh_2 @time=477.000,000,000 s
2023-09-25 08:46:19,029 INFO  SnsAmbassador - Removed Vehicle id=veh_3 @time=478.000,000,000 s
2023-09-25 08:46:19,030 INFO  SnsAmbassador - Removed Vehicle id=veh_4 @time=480.000,000,000 s
2023-09-25 08:46:19,109 INFO  SnsAmbassador - Finished simulation
