2023-09-25 08:46:07,958 WARN  SumoAmbassador - The file scenarios\UMassDart24\sumo\sumo_config.json does not exist.
2023-09-25 08:46:07,959 INFO  SumoAmbassador - sumoConfig.updateInterval: 1000
2023-09-25 08:46:07,959 INFO  SumoAmbassador - sumoConfig.sumoConfigurationFile: null
2023-09-25 08:46:07,962 INFO  SumoAmbassador - Found a SUMO configuration file: scenarios\UMassDart24\sumo\UMassDart24.sumocfg
2023-09-25 08:46:07,962 INFO  SumoAmbassador - sumoConfig.sumoConfigurationFile: UMassDart24.sumocfg
2023-09-25 08:46:07,968 INFO  SumoAmbassador - Simulation step size is 1.0 sec.
2023-09-25 08:46:09,709 INFO  SumoVehicleTypesWriter - .\tmp\sumo\mosaic_types.add.xml file successfully written.
2023-09-25 08:46:09,709 INFO  SumoAmbassador - Start Federate local
2023-09-25 08:46:09,709 INFO  SumoAmbassador - Directory: .\tmp\sumo
2023-09-25 08:46:10,741 INFO  SumoAmbassador - Process sumo : Loading net-file from 'UMassDart24.net.xml' ... done (15ms).
2023-09-25 08:46:10,743 INFO  SumoAmbassador - Process sumo : Loading additional-files from 'mosaic_types.add.xml' ... done (1ms).
2023-09-25 08:46:10,744 INFO  SumoAmbassador - Process sumo : Loading done.
2023-09-25 08:46:10,744 INFO  SumoAmbassador - Process sumo : Simulation version 1.15.0 started with time: 0.00.
2023-09-25 08:46:10,746 WARN  TraciClientBridge - This SUMO Version SUMO 1.15.0 is currently not supported (but might work anyhow).
2023-09-25 08:46:10,750 INFO  SumoAmbassador - Current API version of SUMO is 20 (=SUMO 1.14.*)
2023-09-25 08:46:10,831 INFO  SumoAmbassador - VehicleRegistration from RTI "veh_0" received at simulation time 5000000000 ns (subscribe=true)
2023-09-25 08:46:10,831 INFO  SumoAmbassador - VehicleRegistration from RTI "veh_1" received at simulation time 5000000000 ns (subscribe=true)
2023-09-25 08:46:10,833 INFO  SumoAmbassador - Adding new vehicle "veh_0" at simulation time 5000000000 ns (type=Car1, routeId=2, laneId=best, departPos=0.00)
2023-09-25 08:46:10,837 INFO  SumoAmbassador - Adding new vehicle "veh_1" at simulation time 5000000000 ns (type=Car2, routeId=2, laneId=best, departPos=0.00)
2023-09-25 08:46:10,848 INFO  SumoAmbassador - VehicleRegistration from RTI "veh_2" received at simulation time 7000000000 ns (subscribe=true)
2023-09-25 08:46:10,856 INFO  SumoAmbassador - Adding new vehicle "veh_2" at simulation time 7000000000 ns (type=Car1, routeId=2, laneId=best, departPos=0.00)
2023-09-25 08:46:10,872 INFO  SumoAmbassador - VehicleRegistration from RTI "veh_3" received at simulation time 9000000000 ns (subscribe=true)
2023-09-25 08:46:10,879 INFO  SumoAmbassador - Adding new vehicle "veh_3" at simulation time 9000000000 ns (type=Car1, routeId=2, laneId=best, departPos=0.00)
2023-09-25 08:46:10,892 INFO  SumoAmbassador - VehicleRegistration from RTI "veh_4" received at simulation time 11000000000 ns (subscribe=true)
2023-09-25 08:46:10,897 INFO  SumoAmbassador - Adding new vehicle "veh_4" at simulation time 11000000000 ns (type=Car1, routeId=2, laneId=best, departPos=0.00)
2023-09-25 08:46:10,906 INFO  SumoAmbassador - VehicleRegistration from RTI "veh_5" received at simulation time 13000000000 ns (subscribe=true)
2023-09-25 08:46:10,912 INFO  SumoAmbassador - Adding new vehicle "veh_5" at simulation time 13000000000 ns (type=Car1, routeId=2, laneId=best, departPos=0.00)
2023-09-25 08:46:10,925 INFO  SumoAmbassador - VehicleRegistration from RTI "veh_6" received at simulation time 15000000000 ns (subscribe=true)
2023-09-25 08:46:10,930 INFO  SumoAmbassador - Adding new vehicle "veh_6" at simulation time 15000000000 ns (type=Car1, routeId=2, laneId=best, departPos=0.00)
2023-09-25 08:46:10,938 INFO  SumoAmbassador - VehicleRegistration from RTI "veh_7" received at simulation time 17000000000 ns (subscribe=true)
2023-09-25 08:46:10,943 INFO  SumoAmbassador - Adding new vehicle "veh_7" at simulation time 17000000000 ns (type=Car1, routeId=2, laneId=best, departPos=0.00)
2023-09-25 08:46:10,950 INFO  SumoAmbassador - VehicleRegistration from RTI "veh_8" received at simulation time 19000000000 ns (subscribe=true)
2023-09-25 08:46:10,956 INFO  SumoAmbassador - Adding new vehicle "veh_8" at simulation time 19000000000 ns (type=Car1, routeId=2, laneId=best, departPos=0.00)
2023-09-25 08:46:10,963 INFO  SumoAmbassador - VehicleRegistration from RTI "veh_9" received at simulation time 21000000000 ns (subscribe=true)
2023-09-25 08:46:10,969 INFO  SumoAmbassador - Adding new vehicle "veh_9" at simulation time 21000000000 ns (type=Car1, routeId=2, laneId=best, departPos=0.00)
2023-09-25 08:46:12,069 INFO  SimulationFacade - Removed vehicle "veh_0" at simulation time 474000000000ns
2023-09-25 08:46:12,073 INFO  SimulationFacade - Removed vehicle "veh_1" at simulation time 476000000000ns
2023-09-25 08:46:12,074 INFO  SimulationFacade - Removed vehicle "veh_2" at simulation time 478000000000ns
2023-09-25 08:46:12,075 INFO  SimulationFacade - Removed vehicle "veh_3" at simulation time 480000000000ns
2023-09-25 08:46:12,076 INFO  SimulationFacade - Removed vehicle "veh_4" at simulation time 482000000000ns
2023-09-25 08:46:12,077 INFO  SimulationFacade - Removed vehicle "veh_5" at simulation time 484000000000ns
2023-09-25 08:46:12,077 INFO  SimulationFacade - Removed vehicle "veh_6" at simulation time 486000000000ns
2023-09-25 08:46:12,078 INFO  SimulationFacade - Removed vehicle "veh_7" at simulation time 488000000000ns
2023-09-25 08:46:12,079 INFO  SimulationFacade - Removed vehicle "veh_8" at simulation time 495000000000ns
2023-09-25 08:46:12,080 INFO  SimulationFacade - Removed vehicle "veh_9" at simulation time 497000000000ns
2023-09-25 08:46:12,090 INFO  SumoAmbassador - Closing SUMO connection
2023-09-25 08:46:12,091 INFO  SumoAmbassador - Process sumo : Step #0.00 (0ms ?*RT. ?UPS, TraCI: 63ms, vehicles TOT 0 ACT 0 BUF 0)                      
2023-09-25 08:46:12,091 INFO  SumoAmbassador - Process sumo : Step #100.00 (0ms ?*RT. ?UPS, TraCI: 6ms, vehicles TOT 10 ACT 10 BUF 0)                   
2023-09-25 08:46:12,091 INFO  SumoAmbassador - Process sumo : Step #200.00 (0ms ?*RT. ?UPS, TraCI: 3ms, vehicles TOT 10 ACT 10 BUF 0)                   
2023-09-25 08:46:12,091 INFO  SumoAmbassador - Process sumo : Step #300.00 (0ms ?*RT. ?UPS, TraCI: 3ms, vehicles TOT 10 ACT 10 BUF 0)                   
2023-09-25 08:46:12,091 INFO  SumoAmbassador - Process sumo : Step #400.00 (0ms ?*RT. ?UPS, TraCI: 2ms, vehicles TOT 10 ACT 10 BUF 0)                   
2023-09-25 08:46:12,091 INFO  SumoAmbassador - Process sumo : Step #500.00 (0ms ?*RT. ?UPS, TraCI: 0ms, vehicles TOT 10 ACT 0 BUF 0)                    
2023-09-25 08:46:12,091 INFO  SumoAmbassador - Process sumo : Step #600.00 (0ms ?*RT. ?UPS, TraCI: 0ms, vehicles TOT 10 ACT 0 BUF 0)                    
2023-09-25 08:46:12,091 INFO  SumoAmbassador - Process sumo : 
2023-09-25 08:46:12,091 INFO  SumoAmbassador - Process sumo : Simulation ended at time: 600.00
2023-09-25 08:46:12,091 INFO  SumoAmbassador - Process sumo : Reason: TraCI requested termination.
2023-09-25 08:46:12,091 INFO  SumoAmbassador - Process sumo : Performance: 
2023-09-25 08:46:12,091 INFO  SumoAmbassador - Process sumo :  Duration: 1.35s
2023-09-25 08:46:12,091 INFO  SumoAmbassador - Process sumo :  TraCI-Duration: 1.30s
2023-09-25 08:46:12,091 INFO  SumoAmbassador - Process sumo :  Real time factor: 445.104
2023-09-25 08:46:12,091 INFO  SumoAmbassador - Process sumo :  UPS: 3475.519288
2023-09-25 08:46:12,091 INFO  SumoAmbassador - Process sumo : Vehicles: 
2023-09-25 08:46:12,091 INFO  SumoAmbassador - Process sumo :  Inserted: 10
2023-09-25 08:46:12,091 INFO  SumoAmbassador - Process sumo :  Running: 0
2023-09-25 08:46:12,091 INFO  SumoAmbassador - Process sumo :  Waiting: 0
2023-09-25 08:46:12,091 INFO  SumoAmbassador - Process sumo : 
2023-09-25 08:46:12,161 INFO  SumoAmbassador - Finished simulation
