2023-09-25 08:46:07,882 INFO  ROOT - Running Eclipse MOSAIC 22.1 on Java JRE v17.0.7 (Eclipse Adoptium)
2023-09-25 08:46:07,967 INFO  MosaicStarter - Federate sumo: No port given. Using free port: 51651
2023-09-25 08:46:07,975 INFO  FederationManagement - Start federation with id 'UMassDart24'
2023-09-25 08:46:07,976 INFO  FederationManagement - Add ambassador/federate with id 'application'
2023-09-25 08:46:07,977 INFO  FederationManagement - Add ambassador/federate with id 'mapping'
2023-09-25 08:46:07,977 INFO  FederationManagement - Add ambassador/federate with id 'cell'
2023-09-25 08:46:07,977 INFO  FederationManagement - Add ambassador/federate with id 'sns'
2023-09-25 08:46:07,978 INFO  FederationManagement - Add ambassador/federate with id 'sumo'
2023-09-25 08:46:07,979 INFO  FederationManagement - Deploying federate 'sumo' locally in .\tmp\sumo
2023-09-25 08:46:07,992 INFO  FederationManagement - Starting federate 'sumo' locally in .\tmp\sumo
2023-09-25 08:46:07,992 INFO  FederationManagement - Add ambassador/federate with id 'output'
2023-09-25 08:46:07,992 INFO  OutputAmbassador - Initialize configuration of OutputAmbassador
2023-09-25 08:46:08,006 WARN  FileOutputLoader - decimalSeparator is required to be one character, defaulting to '.' as decimal separator.
2023-09-25 08:46:09,373 INFO  OutputAmbassador - Registered output generator 'websocket' for messages [RsuRegistration, VehicleRegistration, VehicleUpdates, V2xMessageReception, V2xMessageTransmission]. Update interval=1
2023-09-25 08:46:09,373 INFO  OutputAmbassador - Registered output generator 'fileoutput' for messages [VehicleRegistration, VehicleUpdates]. Update interval=5
2023-09-25 08:46:12,163 INFO  SequentialTimeManagement - Simulation ended after 600s of 600s (100%)
2023-09-25 08:46:12,163 INFO  SequentialTimeManagement - Started: 2023-09-25 08:46:09
2023-09-25 08:46:12,163 INFO  SequentialTimeManagement - Ended: 2023-09-25 08:46:12
2023-09-25 08:46:12,165 INFO  SequentialTimeManagement - Duration: 00h 00m 02.426s (RTF: 247.00)
2023-09-25 08:46:12,165 INFO  SequentialTimeManagement - 
2023-09-25 08:46:12,165 INFO  SequentialTimeManagement - Simulation finished: 101
