2023-05-03 21:45:56,460 INFO  ROOT - Running Eclipse MOSAIC 22.1 on Java JRE v17.0.7 (Eclipse Adoptium)
2023-05-03 21:45:56,522 INFO  MosaicStarter - Federate sumo: No port given. Using free port: 55430
2023-05-03 21:45:56,537 INFO  FederationManagement - Start federation with id 'UMassDart52'
2023-05-03 21:45:56,538 INFO  FederationManagement - Add ambassador/federate with id 'application'
2023-05-03 21:45:56,539 INFO  FederationManagement - Add ambassador/federate with id 'mapping'
2023-05-03 21:45:56,540 INFO  FederationManagement - Add ambassador/federate with id 'cell'
2023-05-03 21:45:56,540 INFO  FederationManagement - Add ambassador/federate with id 'sns'
2023-05-03 21:45:56,540 INFO  FederationManagement - Add ambassador/federate with id 'sumo'
2023-05-03 21:45:56,541 INFO  FederationManagement - Deploying federate 'sumo' locally in .\tmp\sumo
2023-05-03 21:45:56,556 INFO  FederationManagement - Starting federate 'sumo' locally in .\tmp\sumo
2023-05-03 21:45:56,556 INFO  FederationManagement - Add ambassador/federate with id 'output'
2023-05-03 21:45:56,556 INFO  OutputAmbassador - Initialize configuration of OutputAmbassador
2023-05-03 21:45:56,566 WARN  FileOutputLoader - decimalSeparator is required to be one character, defaulting to '.' as decimal separator.
2023-05-03 21:45:57,694 INFO  OutputAmbassador - Registered output generator 'websocket' for messages [RsuRegistration, VehicleRegistration, VehicleUpdates, V2xMessageReception, V2xMessageTransmission]. Update interval=1
2023-05-03 21:45:57,694 INFO  OutputAmbassador - Registered output generator 'fileoutput' for messages [VehicleRegistration, VehicleUpdates]. Update interval=5
2023-05-03 21:46:01,132 INFO  SequentialTimeManagement - Simulation ended after 600s of 600s (100%)
2023-05-03 21:46:01,132 INFO  SequentialTimeManagement - Started: 2023-05-03 21:45:58
2023-05-03 21:46:01,132 INFO  SequentialTimeManagement - Ended: 2023-05-03 21:46:01
2023-05-03 21:46:01,134 INFO  SequentialTimeManagement - Duration: 00h 00m 03.115s (RTF: 192.00)
2023-05-03 21:46:01,134 INFO  SequentialTimeManagement - 
2023-05-03 21:46:01,134 INFO  SequentialTimeManagement - Simulation finished: 101
