2023-09-25 08:46:29,631 WARN  SumoAmbassador - The file scenarios\UMassDart43\sumo\sumo_config.json does not exist.
2023-09-25 08:46:29,632 INFO  SumoAmbassador - sumoConfig.updateInterval: 1000
2023-09-25 08:46:29,632 INFO  SumoAmbassador - sumoConfig.sumoConfigurationFile: null
2023-09-25 08:46:29,634 INFO  SumoAmbassador - Found a SUMO configuration file: scenarios\UMassDart43\sumo\UMassDart43.sumocfg
2023-09-25 08:46:29,634 INFO  SumoAmbassador - sumoConfig.sumoConfigurationFile: UMassDart43.sumocfg
2023-09-25 08:46:29,641 INFO  SumoAmbassador - Simulation step size is 1.0 sec.
2023-09-25 08:46:31,290 INFO  SumoVehicleTypesWriter - .\tmp\sumo\mosaic_types.add.xml file successfully written.
2023-09-25 08:46:31,291 INFO  SumoAmbassador - Start Federate local
2023-09-25 08:46:31,291 INFO  SumoAmbassador - Directory: .\tmp\sumo
2023-09-25 08:46:32,335 INFO  SumoAmbassador - Process sumo : Loading net-file from 'UMassDart43.net.xml' ... done (15ms).
2023-09-25 08:46:32,340 INFO  SumoAmbassador - Process sumo : Loading additional-files from 'mosaic_types.add.xml' ... done (2ms).
2023-09-25 08:46:32,340 INFO  SumoAmbassador - Process sumo : Loading done.
2023-09-25 08:46:32,340 INFO  SumoAmbassador - Process sumo : Simulation version 1.15.0 started with time: 0.00.
2023-09-25 08:46:32,343 WARN  TraciClientBridge - This SUMO Version SUMO 1.15.0 is currently not supported (but might work anyhow).
2023-09-25 08:46:32,347 INFO  SumoAmbassador - Current API version of SUMO is 20 (=SUMO 1.14.*)
2023-09-25 08:46:32,462 INFO  SumoAmbassador - VehicleRegistration from RTI "veh_0" received at simulation time 5000000000 ns (subscribe=true)
2023-09-25 08:46:32,462 INFO  SumoAmbassador - VehicleRegistration from RTI "veh_1" received at simulation time 5000000000 ns (subscribe=true)
2023-09-25 08:46:32,462 INFO  SumoAmbassador - Adding new vehicle "veh_0" at simulation time 5000000000 ns (type=Car1, routeId=2, laneId=best, departPos=0.00)
2023-09-25 08:46:32,464 INFO  SumoAmbassador - Adding new vehicle "veh_1" at simulation time 5000000000 ns (type=Car2, routeId=2, laneId=best, departPos=0.00)
2023-09-25 08:46:32,472 INFO  SumoAmbassador - VehicleRegistration from RTI "veh_2" received at simulation time 7000000000 ns (subscribe=true)
2023-09-25 08:46:32,478 INFO  SumoAmbassador - Adding new vehicle "veh_2" at simulation time 7000000000 ns (type=Car1, routeId=2, laneId=best, departPos=0.00)
2023-09-25 08:46:32,492 INFO  SumoAmbassador - VehicleRegistration from RTI "veh_3" received at simulation time 9000000000 ns (subscribe=true)
2023-09-25 08:46:32,497 INFO  SumoAmbassador - Adding new vehicle "veh_3" at simulation time 9000000000 ns (type=Car1, routeId=2, laneId=best, departPos=0.00)
2023-09-25 08:46:32,508 INFO  SumoAmbassador - VehicleRegistration from RTI "veh_4" received at simulation time 11000000000 ns (subscribe=true)
2023-09-25 08:46:32,513 INFO  SumoAmbassador - Adding new vehicle "veh_4" at simulation time 11000000000 ns (type=Car1, routeId=2, laneId=best, departPos=0.00)
2023-09-25 08:46:33,328 INFO  SimulationFacade - Removed vehicle "veh_0" at simulation time 473000000000ns
2023-09-25 08:46:33,331 INFO  SimulationFacade - Removed vehicle "veh_1" at simulation time 475000000000ns
2023-09-25 08:46:33,332 INFO  SimulationFacade - Removed vehicle "veh_2" at simulation time 477000000000ns
2023-09-25 08:46:33,333 INFO  SimulationFacade - Removed vehicle "veh_3" at simulation time 478000000000ns
2023-09-25 08:46:33,334 INFO  SimulationFacade - Removed vehicle "veh_4" at simulation time 480000000000ns
2023-09-25 08:46:33,350 INFO  SumoAmbassador - Closing SUMO connection
2023-09-25 08:46:33,350 INFO  SumoAmbassador - Process sumo : Step #0.00 (0ms ?*RT. ?UPS, TraCI: 69ms, vehicles TOT 0 ACT 0 BUF 0)                      
2023-09-25 08:46:33,350 INFO  SumoAmbassador - Process sumo : Step #100.00 (0ms ?*RT. ?UPS, TraCI: 3ms, vehicles TOT 5 ACT 5 BUF 0)                     
2023-09-25 08:46:33,351 INFO  SumoAmbassador - Process sumo : Step #200.00 (0ms ?*RT. ?UPS, TraCI: 2ms, vehicles TOT 5 ACT 5 BUF 0)                     
2023-09-25 08:46:33,351 INFO  SumoAmbassador - Process sumo : Step #300.00 (0ms ?*RT. ?UPS, TraCI: 2ms, vehicles TOT 5 ACT 5 BUF 0)                     
2023-09-25 08:46:33,351 INFO  SumoAmbassador - Process sumo : Step #400.00 (0ms ?*RT. ?UPS, TraCI: 1ms, vehicles TOT 5 ACT 5 BUF 0)                     
2023-09-25 08:46:33,351 INFO  SumoAmbassador - Process sumo : Step #500.00 (0ms ?*RT. ?UPS, TraCI: 0ms, vehicles TOT 5 ACT 0 BUF 0)                     
2023-09-25 08:46:33,351 INFO  SumoAmbassador - Process sumo : Step #600.00 (0ms ?*RT. ?UPS, TraCI: 1ms, vehicles TOT 5 ACT 0 BUF 0)                     
2023-09-25 08:46:33,351 INFO  SumoAmbassador - Process sumo : 
2023-09-25 08:46:33,351 INFO  SumoAmbassador - Process sumo : Simulation ended at time: 600.00
2023-09-25 08:46:33,351 INFO  SumoAmbassador - Process sumo : Reason: TraCI requested termination.
2023-09-25 08:46:33,351 INFO  SumoAmbassador - Process sumo : Performance: 
2023-09-25 08:46:33,351 INFO  SumoAmbassador - Process sumo :  Duration: 1.01s
2023-09-25 08:46:33,351 INFO  SumoAmbassador - Process sumo :  TraCI-Duration: 0.99s
2023-09-25 08:46:33,351 INFO  SumoAmbassador - Process sumo :  Real time factor: 592.3
2023-09-25 08:46:33,351 INFO  SumoAmbassador - Process sumo :  UPS: 2303.060217
2023-09-25 08:46:33,351 INFO  SumoAmbassador - Process sumo : Vehicles: 
2023-09-25 08:46:33,351 INFO  SumoAmbassador - Process sumo :  Inserted: 5
2023-09-25 08:46:33,351 INFO  SumoAmbassador - Process sumo :  Running: 0
2023-09-25 08:46:33,351 INFO  SumoAmbassador - Process sumo :  Waiting: 0
2023-09-25 08:46:33,351 INFO  SumoAmbassador - Process sumo : 
2023-09-25 08:46:33,423 INFO  SumoAmbassador - Finished simulation
